<?xml version="1.0" encoding="UTF-8"?>
<!-- Generated by org.testng.reporters.JUnitXMLReporter -->
<testsuite ignored="3" hostname="IN-BRM9WP3" failures="0" tests="1" name="Default test" time="11.446" errors="0" timestamp="2024-06-14T13:58:12 IST">
  <testcase classname="com.flipkart.tests.SellerTest" name="testSellerLoginFunctionality" time="4.562"/>
  <testcase classname="com.flipkart.tests.SellerTest" name="testStartSellingBtnPresence" time="0.0">
    <ignored/>
  </testcase> <!-- testStartSellingBtnPresence -->
  <testcase classname="com.flipkart.tests.SellerTest" name="testSellerBtnPresence" time="0.0">
    <ignored/>
  </testcase> <!-- testSellerBtnPresence -->
  <testcase classname="com.flipkart.tests.SellerTest" name="testSellerResetPasswordFunctionality" time="0.0">
    <ignored/>
  </testcase> <!-- testSellerResetPasswordFunctionality -->
</testsuite> <!-- Default test -->
