<?xml version="1.0" encoding="UTF-8"?>
<testng-results ignored="0" total="1" passed="1" failed="0" skipped="0">
  <reporter-output>
  </reporter-output>
  <suite started-at="2024-06-14T13:58:00 IST" name="Default suite" finished-at="2024-06-14T13:58:12 IST" duration-ms="11446">
    <groups>
      <group name="seller">
        <method signature="SellerTest.testSellerLoginFunctionality()[pri:2, instance:com.flipkart.tests.SellerTest@1be2019a]" name="testSellerLoginFunctionality" class="com.flipkart.tests.SellerTest"/>
      </group> <!-- seller -->
    </groups>
    <test started-at="2024-06-14T13:58:00 IST" name="Default test" finished-at="2024-06-14T13:58:12 IST" duration-ms="11446">
      <class name="com.flipkart.tests.SellerTest">
        <test-method is-config="true" signature="beforesuite()[pri:0, instance:com.flipkart.tests.SellerTest@1be2019a]" started-at="2024-06-14T13:58:00 IST" name="beforesuite" finished-at="2024-06-14T13:58:00 IST" duration-ms="643" status="PASS">
          <reporter-output>
          </reporter-output>
        </test-method> <!-- beforesuite -->
        <test-method is-config="true" signature="setup(java.lang.reflect.Method)[pri:0, instance:com.flipkart.tests.SellerTest@1be2019a]" started-at="2024-06-14T13:58:00 IST" name="setup" finished-at="2024-06-14T13:58:05 IST" duration-ms="4867" status="PASS">
          <params>
            <param index="0">
              <value>
                <![CDATA[public void com.flipkart.tests.SellerTest.testSellerLoginFunctionality()]]>
              </value>
            </param>
          </params>
          <reporter-output>
          </reporter-output>
        </test-method> <!-- setup -->
        <test-method signature="testSellerLoginFunctionality()[pri:2, instance:com.flipkart.tests.SellerTest@1be2019a]" started-at="2024-06-14T13:58:05 IST" name="testSellerLoginFunctionality" finished-at="2024-06-14T13:58:10 IST" duration-ms="4562" status="PASS">
          <reporter-output>
          </reporter-output>
        </test-method> <!-- testSellerLoginFunctionality -->
        <test-method is-config="true" signature="teardown(org.testng.ITestResult)[pri:0, instance:com.flipkart.tests.SellerTest@1be2019a]" started-at="2024-06-14T13:58:10 IST" name="teardown" finished-at="2024-06-14T13:58:12 IST" duration-ms="1977" status="PASS">
          <params>
            <param index="0">
              <value>
                <![CDATA[[TestResult name=testSellerLoginFunctionality status=SUCCESS method=SellerTest.testSellerLoginFunctionality()[pri:2, instance:com.flipkart.tests.SellerTest@1be2019a] output={null}]]]>
              </value>
            </param>
          </params>
          <reporter-output>
          </reporter-output>
        </test-method> <!-- teardown -->
      </class> <!-- com.flipkart.tests.SellerTest -->
    </test> <!-- Default test -->
  </suite> <!-- Default suite -->
</testng-results>
